!
! Can't write to /usr/local/share/perl5 and /usr/local/bin: Installing modules to /home/m/perl5
! To turn off this warning, you have to do one of the following:
!   - run me as a root or with --sudo option (to install to /usr/local/share/perl5 and /usr/local/bin)
!   - Configure local::lib in your existing shell to set PERL_MM_OPT etc.
!   - Install local::lib by running the following commands
!
!         cpanm --local-lib=~/perl5 local::lib && eval $(perl -I ~/perl5/lib/perl5/ -Mlocal::lib)
!
--> Working on Data::UUID
Fetching http://www.cpan.org/authors/id/R/RJ/RJBS/Data-UUID-1.226.tar.gz ... OK
Configuring Data-UUID-1.226 ... OK
Building and testing Data-UUID-1.226 ... OK
Successfully installed Data-UUID-1.226 (upgraded from 1.221)
--> Working on Moo
Fetching http://www.cpan.org/authors/id/H/HA/HAARG/Moo-2.004000.tar.gz ... OK
Configuring Moo-2.004000 ... OK
==> Found dependencies: Sub::Quote, Role::Tiny, Sub::Defer
--> Working on Sub::Quote
Fetching http://www.cpan.org/authors/id/H/HA/HAARG/Sub-Quote-2.006006.tar.gz ... OK
Configuring Sub-Quote-2.006006 ... OK
Building and testing Sub-Quote-2.006006 ... OK
Successfully installed Sub-Quote-2.006006 (upgraded from 2.004000)
--> Working on Role::Tiny
Fetching http://www.cpan.org/authors/id/H/HA/HAARG/Role-Tiny-2.001004.tar.gz ... OK
Configuring Role-Tiny-2.001004 ... OK
Building and testing Role-Tiny-2.001004 ... OK
Successfully installed Role-Tiny-2.001004 (upgraded from 2.000005)
Building and testing Moo-2.004000 ... OK
Successfully installed Moo-2.004000 (upgraded from 2.003002)
4 distributions installed
